\BOOKMARK [1][-]{section.1}{\376\377\000\332\000v\000o\000d}{}% 1
\BOOKMARK [2][-]{subsection.1.1}{\376\377\000A\000u\000t\000o\001\131\000i\000\040\000a\000\040\000p\001\157\000v\000o\000d\000\040\000f\000a\000k\000t\001\157}{section.1}% 2
\BOOKMARK [2][-]{subsection.1.2}{\376\377\000V\000a\000l\000i\000d\000a\000c\000e\000\040\000v\000\375\000s\000t\000u\000p\001\157}{section.1}% 3
\BOOKMARK [1][-]{section.2}{\376\377\000R\000o\000z\000b\000o\000r\000\040\000t\000\351\000m\000a\000t\000u\000\040\000a\000\040\000p\000o\000u\001\176\000i\000t\000\375\000c\000h\000\040\000m\000e\000t\000o\000d\000/\000t\000e\000c\000h\000n\000o\000l\000o\000g\000i\000\355}{}% 4
\BOOKMARK [2][-]{subsection.2.1}{\376\377\000P\000o\000p\000i\000s\000\040\000p\000o\000u\001\176\000i\000t\000\375\000c\000h\000\040\000p\000o\000s\000t\000u\000p\001\157}{section.2}% 5
\BOOKMARK [2][-]{subsection.2.2}{\376\377\000P\000o\000p\000i\000s\000\040\000p\001\157\000v\000o\000d\000u\000\040\000p\000o\000u\001\176\000i\000t\000\375\000c\000h\000\040\000m\000e\000t\000o\000d\000/\000t\000e\000c\000h\000n\000o\000l\000o\000g\000i\000\355}{section.2}% 6
\BOOKMARK [1][-]{section.3}{\376\377\000K\000o\000n\000c\000e\000p\000c\000e\000\040\000m\000o\000d\000e\000l\000u}{}% 7
\BOOKMARK [2][-]{subsection.3.1}{\376\377\000P\000o\000p\000i\000s\000\040\000k\000o\000n\000c\000e\000p\000t\000u\000\341\000l\000n\000\355\000h\000o\000\040\000m\000o\000d\000e\000l\000u}{section.3}% 8
\BOOKMARK [2][-]{subsection.3.2}{\376\377\000F\000o\000r\000m\000a\000\040\000k\000o\000n\000c\000e\000p\000t\000u\000\341\000l\000n\000\355\000h\000o\000\040\000m\000o\000d\000e\000l\000u}{section.3}% 9
\BOOKMARK [1][-]{section.4}{\376\377\000A\000r\000c\000h\000i\000t\000e\000k\000t\000u\000r\000a\000\040\000s\000i\000m\000u\000l\000a\001\015\000n\000\355\000h\000o\000\040\000m\000o\000d\000e\000l\000u}{}% 10
\BOOKMARK [2][-]{subsection.4.1}{\376\377\000M\000a\000p\000o\000v\000\341\000n\000\355\000\040\000k\000o\000n\000c\000e\000p\000t\000u\000\341\000l\000n\000\355\000h\000o\000\040\000m\000o\000d\000e\000l\000u\000\040\000d\000o\000\040\000s\000i\000m\000u\000l\000a\001\015\000n\000\355\000h\000o\000\040\000m\000o\000d\000e\000l\000u}{section.4}% 11
\BOOKMARK [2][-]{subsection.4.2}{\376\377\000S\000p\000o\000u\001\141\000t\001\033\000n\000\355\000\040\000s\000i\000m\000u\000l\000a\001\015\000n\000\355\000h\000o\000\040\000m\000o\000d\000e\000l\000u}{section.4}% 12
\BOOKMARK [1][-]{section.5}{\376\377\000P\000o\000d\000s\000t\000a\000t\000a\000\040\000s\000i\000m\000u\000l\000a\001\015\000n\000\355\000c\000h\000\040\000e\000x\000p\000e\000r\000i\000m\000e\000n\000t\001\157\000\040\000a\000\040\000j\000e\000j\000i\000c\000h\000\040\000p\000r\001\157\000b\001\033\000h}{}% 13
\BOOKMARK [2][-]{subsection.5.1}{\376\377\000P\000o\000s\000t\000u\000p\000\040\000e\000x\000p\000e\000r\000i\000m\000e\000n\000t\000o\000v\000\341\000n\000\355}{section.5}% 14
\BOOKMARK [2][-]{subsection.5.2}{\376\377\000E\000x\000p\000e\000r\000i\000m\000e\000n\000t\000y}{section.5}% 15
\BOOKMARK [3][-]{subsubsection.5.2.1}{\376\377\000E\000x\000p\000e\000r\000i\000m\000e\000n\000t\000\040\0001}{subsection.5.2}% 16
\BOOKMARK [3][-]{subsubsection.5.2.2}{\376\377\000E\000x\000p\000e\000r\000i\000m\000e\000n\000t\000\040\0002}{subsection.5.2}% 17
\BOOKMARK [3][-]{subsubsection.5.2.3}{\376\377\000E\000x\000p\000e\000r\000i\000m\000e\000n\000t\000\040\0003}{subsection.5.2}% 18
\BOOKMARK [3][-]{subsubsection.5.2.4}{\376\377\000E\000x\000p\000e\000r\000i\000m\000e\000n\000t\000\040\0004}{subsection.5.2}% 19
\BOOKMARK [3][-]{subsubsection.5.2.5}{\376\377\000E\000x\000p\000e\000r\000i\000m\000e\000n\000t\000\040\0005}{subsection.5.2}% 20
\BOOKMARK [2][-]{subsection.5.3}{\376\377\000Z\000\341\000v\001\033\000r\000y\000\040\000e\000x\000p\000e\000r\000i\000m\000e\000n\000t\001\157}{section.5}% 21
\BOOKMARK [1][-]{section.6}{\376\377\000S\000h\000r\000n\000u\000t\000\355\000\040\000s\000i\000m\000u\000l\000a\001\015\000n\000\355\000c\000h\000\040\000e\000x\000p\000e\000r\000i\000m\000e\000n\000t\001\157\000\040\000a\000\040\000z\000\341\000v\001\033\000r}{}% 22
